<?xml version="1.0" encoding="UTF-8"?>
<testsuite xmlns:xsi="http://www.w3.org/2001/XMLSchema-instance" xsi:noNamespaceSchemaLocation="https://maven.apache.org/surefire/maven-surefire-plugin/xsd/surefire-test-report-3.0.xsd" version="3.0" name="bgu.spl.net.impl.stomp.ServerSystemTest" time="1.266" tests="2" errors="0" skipped="0" failures="0">
  <properties>
[...]
</properties>
  <testcase name="testReactorServerFlow" classname="bgu.spl.net.impl.stomp.ServerSystemTest" time="0.673">
    <system-out><![CDATA[Server started
server closed!!!
]]></system-out>
  </testcase>
  <testcase name="testTPCServerFlow" classname="bgu.spl.net.impl.stomp.ServerSystemTest" time="0.591">
    <system-out><![CDATA[Server started
server closed!!!
]]></system-out>
  </testcase>
</testsuite>